
./test:     file format elf32-littleriscv

Sections:
Idx Name          Size      VMA       LMA       File off  Algn  Flags
  0 .text         0000002c  00000000  00000000  00001000  2**2  CONTENTS, ALLOC, LOAD, READONLY, CODE

Disassembly of section .text:

00000000 <_start>:
   0:	0140006f 	j	14 <go>

00000004 <test1>:
   4:	00a00393 	li	t2,10
   8:	00100073 	ebreak

0000000c <test2>:
   c:	00b00393 	li	t2,11
  10:	00100073 	ebreak

00000014 <go>:
  14:	ffc00293 	li	t0,-4
  18:	00600313 	li	t1,6
  1c:	fe62e4e3 	bltu	t0,t1,4 <test1>
  20:	fe62f6e3 	bgeu	t0,t1,c <test2>
  24:	00c00393 	li	t2,12
  28:	00100073 	ebreak
